app android/app/build/intermediates/manifest_merge_blame_file/debug/manifest-merger-blame-debug-report.txt
1<?xml version="1.0" encoding="utf-8"?>
2<manifest xmlns:android="http://schemas.android.com/apk/res/android"
3    package="com.seuapp.soelasstudio"
4    android:versionCode="1"
5    android:versionName="1.0" >
6
7    <uses-sdk
8        android:minSdkVersion="21"
8-->src\main\AndroidManifest.xml
9        android:targetSdkVersion="33" />
9-->src\main\AndroidManifest.xml
10
11    <!-- Permissões necessárias -->
12    <uses-permission android:name="android.permission.INTERNET" />
12-->src\main\AndroidManifest.xml:6:5-67
12-->src\main\AndroidManifest.xml:6:22-64
13    <uses-permission android:name="android.permission.ACCESS_NETWORK_STATE" />
13-->src\main\AndroidManifest.xml:7:5-79
13-->src\main\AndroidManifest.xml:7:22-76
14    <uses-permission android:name="android.permission.ACCESS_WIFI_STATE" />
14-->src\main\AndroidManifest.xml:8:5-76
14-->src\main\AndroidManifest.xml:8:22-73
15
16    <!-- Compatibilidade com diferentes tamanhos de tela -->
17    <supports-screens
17-->src\main\AndroidManifest.xml:11:5-16:37
18        android:anyDensity="true"
18-->src\main\AndroidManifest.xml:16:9-34
19        android:largeScreens="true"
19-->src\main\AndroidManifest.xml:14:9-36
20        android:normalScreens="true"
20-->src\main\AndroidManifest.xml:13:9-37
21        android:smallScreens="true"
21-->src\main\AndroidManifest.xml:12:9-36
22        android:xlargeScreens="true" />
22-->src\main\AndroidManifest.xml:15:9-37
23
24    <permission
24-->[androidx.core:core:1.9.0] AndroidManifest.xml:22:5-24:47
25        android:name="com.seuapp.soelasstudio.DYNAMIC_RECEIVER_NOT_EXPORTED_PERMISSION"
25-->[androidx.core:core:1.9.0] AndroidManifest.xml:23:9-81
26        android:protectionLevel="signature" />
26-->[androidx.core:core:1.9.0] AndroidManifest.xml:24:9-44
27
28    <uses-permission android:name="com.seuapp.soelasstudio.DYNAMIC_RECEIVER_NOT_EXPORTED_PERMISSION" />
28-->[androidx.core:core:1.9.0] AndroidManifest.xml:26:5-97
28-->[androidx.core:core:1.9.0] AndroidManifest.xml:26:22-94
29
30    <application
30-->src\main\AndroidManifest.xml:18:5-44:19
31        android:allowBackup="true"
31-->src\main\AndroidManifest.xml:19:9-35
32        android:appComponentFactory="androidx.core.app.CoreComponentFactory"
32-->[androidx.core:core:1.9.0] AndroidManifest.xml:28:18-86
33        android:dataExtractionRules="@xml/data_extraction_rules"
33-->src\main\AndroidManifest.xml:20:9-65
34        android:debuggable="true"
35        android:fullBackupContent="@xml/backup_rules"
35-->src\main\AndroidManifest.xml:21:9-54
36        android:hardwareAccelerated="true"
36-->src\main\AndroidManifest.xml:26:9-43
37        android:icon="@mipmap/ic_launcher"
37-->src\main\AndroidManifest.xml:22:9-43
38        android:label="@string/app_name"
38-->src\main\AndroidManifest.xml:23:9-41
39        android:testOnly="true"
40        android:theme="@style/Theme.SoelasStudio"
40-->src\main\AndroidManifest.xml:24:9-50
41        android:usesCleartextTraffic="true" >
41-->src\main\AndroidManifest.xml:25:9-44
42        <activity
42-->src\main\AndroidManifest.xml:29:9-42:20
43            android:name="com.seuapp.soelasstudio.MainActivity"
43-->src\main\AndroidManifest.xml:30:13-41
44            android:configChanges="orientation|screenSize|keyboardHidden|keyboard"
44-->src\main\AndroidManifest.xml:33:13-83
45            android:exported="true"
45-->src\main\AndroidManifest.xml:31:13-36
46            android:launchMode="singleTop"
46-->src\main\AndroidManifest.xml:35:13-43
47            android:screenOrientation="portrait"
47-->src\main\AndroidManifest.xml:32:13-49
48            android:windowSoftInputMode="adjustResize" >
48-->src\main\AndroidManifest.xml:34:13-55
49            <intent-filter>
49-->src\main\AndroidManifest.xml:37:13-40:29
50                <action android:name="android.intent.action.MAIN" />
50-->src\main\AndroidManifest.xml:38:17-69
50-->src\main\AndroidManifest.xml:38:25-66
51
52                <category android:name="android.intent.category.LAUNCHER" />
52-->src\main\AndroidManifest.xml:39:17-77
52-->src\main\AndroidManifest.xml:39:27-74
53            </intent-filter>
54        </activity>
55
56        <provider
56-->[androidx.emoji2:emoji2:1.2.0] AndroidManifest.xml:24:9-32:20
57            android:name="androidx.startup.InitializationProvider"
57-->[androidx.emoji2:emoji2:1.2.0] AndroidManifest.xml:25:13-67
58            android:authorities="com.seuapp.soelasstudio.androidx-startup"
58-->[androidx.emoji2:emoji2:1.2.0] AndroidManifest.xml:26:13-68
59            android:exported="false" >
59-->[androidx.emoji2:emoji2:1.2.0] AndroidManifest.xml:27:13-37
60            <meta-data
60-->[androidx.emoji2:emoji2:1.2.0] AndroidManifest.xml:29:13-31:52
61                android:name="androidx.emoji2.text.EmojiCompatInitializer"
61-->[androidx.emoji2:emoji2:1.2.0] AndroidManifest.xml:30:17-75
62                android:value="androidx.startup" />
62-->[androidx.emoji2:emoji2:1.2.0] AndroidManifest.xml:31:17-49
63            <meta-data
63-->[androidx.lifecycle:lifecycle-process:2.4.1] AndroidManifest.xml:31:13-33:52
64                android:name="androidx.lifecycle.ProcessLifecycleInitializer"
64-->[androidx.lifecycle:lifecycle-process:2.4.1] AndroidManifest.xml:32:17-78
65                android:value="androidx.startup" />
65-->[androidx.lifecycle:lifecycle-process:2.4.1] AndroidManifest.xml:33:17-49
66        </provider>
67    </application>
68
69</manifest>